\BOOKMARK [0][-]{chapter.1}{\376\377\000P\000r\000o\000c\000e\000s\000s\000a\000d\000o\000r\000\040\000d\000e\000\040\000P\000e\000s\000s\000o\000a\000s\000\040\000l\000i\000s\000t\000a\000d\000a\000s\000\040\000n\000o\000s\000\040\000R\000\363\000i\000s\000\040\000d\000e\000\040\000C\000o\000n\000f\000e\000s\000s\000a\000d\000o\000s}{}% 1
\BOOKMARK [1][-]{section.1.1}{\376\377\000A\000n\000\341\000l\000i\000s\000e\000\040\000d\000o\000\040\000P\000r\000o\000b\000l\000e\000m\000a\000\040\0001}{chapter.1}% 2
\BOOKMARK [1][-]{section.1.2}{\376\377\000R\000e\000s\000o\000l\000u\000\347\000\343\000o\000\040\000d\000o\000\040\000P\000r\000o\000b\000l\000e\000m\000a\000\040\0001}{chapter.1}% 3
\BOOKMARK [2][-]{subsection.1.2.1}{\376\377\000A\000l\000o\000c\000a\000r\000\040\000n\000o\000\040\000D\000i\000c\000i\000o\000n\000\341\000r\000i\000o}{section.1.2}% 4
\BOOKMARK [2][-]{subsection.1.2.2}{\376\377\000C\000\341\000l\000c\000u\000l\000o\000\040\000d\000a\000s\000\040\000F\000r\000e\000q\000u\000\352\000n\000c\000i\000a\000s}{section.1.2}% 5
\BOOKMARK [2][-]{subsection.1.2.3}{\376\377\000C\000r\000i\000a\000r\000\040\000o\000\040\000J\000S\000O\000N}{section.1.2}% 6
\BOOKMARK [1][-]{section.1.3}{\376\377\000R\000e\000s\000u\000l\000t\000a\000d\000o\000s\000\040\000d\000o\000\040\000P\000r\000o\000b\000l\000e\000m\000a\000\040\0001}{chapter.1}% 7
\BOOKMARK [2][-]{subsection.1.3.1}{\376\377\000R\000e\000s\000u\000l\000t\000a\000d\000o\000\040\000d\000a\000\040\000F\000r\000e\000q\000u\000\352\000n\000c\000i\000a\000\040\000d\000e\000\040\000P\000r\000o\000c\000e\000s\000s\000o\000s\000\040\000p\000o\000r\000\040\000A\000n\000o}{section.1.3}% 8
\BOOKMARK [2][-]{subsection.1.3.2}{\376\377\000R\000e\000s\000u\000l\000t\000a\000d\000o\000\040\000d\000a\000\040\000F\000r\000e\000q\000u\000\352\000n\000c\000i\000a\000\040\000d\000e\000\040\000N\000o\000m\000e\000s\000\040\000e\000\040\000A\000p\000e\000l\000i\000d\000o\000s\000\040\000p\000o\000r\000\040\000S\000\351\000c\000u\000l\000o}{section.1.3}% 9
\BOOKMARK [2][-]{subsection.1.3.3}{\376\377\000R\000e\000s\000u\000l\000t\000a\000d\000o\000\040\000d\000a\000\040\000F\000r\000e\000q\000u\000\352\000n\000c\000i\000a\000\040\000d\000e\000\040\000R\000e\000l\000a\000\347\000\365\000e\000s}{section.1.3}% 10
\BOOKMARK [1][-]{section.1.4}{\376\377\000M\000a\000i\000n}{chapter.1}% 11
\BOOKMARK [0][-]{chapter.2}{\376\377\000\040\000P\000r\000o\000c\000e\000s\000s\000a\000d\000o\000r\000\040\000d\000e\000\040\000R\000e\000g\000i\000s\000t\000o\000s\000\040\000d\000e\000\040\000E\000x\000a\000m\000e\000s\000\040\000M\000\351\000d\000i\000c\000o\000s\000\040\000D\000e\000s\000p\000o\000r\000t\000i\000v\000o\000s}{}% 12
\BOOKMARK [1][-]{section.2.1}{\376\377\000A\000n\000\341\000l\000i\000s\000e\000\040\000d\000o\000\040\000P\000r\000o\000b\000l\000e\000m\000a\000\040\0002}{chapter.2}% 13
\BOOKMARK [1][-]{section.2.2}{\376\377\000R\000e\000s\000o\000l\000u\000\347\000\343\000o\000\040\000d\000o\000\040\000P\000r\000o\000b\000l\000e\000m\000a\000\040\0002}{chapter.2}% 14
\BOOKMARK [2][-]{subsection.2.2.1}{\376\377\000A\000l\000o\000c\000a\000r\000\040\000n\000o\000\040\000D\000i\000c\000i\000o\000n\000\341\000r\000i\000o}{section.2.2}% 15
\BOOKMARK [2][-]{subsection.2.2.2}{\376\377\000C\000\341\000l\000c\000u\000l\000o\000\040\000d\000o\000s\000\040\000I\000n\000d\000i\000c\000a\000d\000o\000r\000e\000s}{section.2.2}% 16
\BOOKMARK [2][-]{subsection.2.2.3}{\376\377\000T\000a\000b\000e\000l\000a\000\040\000d\000o\000s\000\040\000i\000n\000d\000i\000c\000a\000d\000o\000r\000e\000s}{section.2.2}% 17
\BOOKMARK [2][-]{subsection.2.2.4}{\376\377\000L\000i\000s\000t\000a\000\040\000d\000o\000s\000\040\000I\000n\000d\000i\000c\000a\000d\000o\000r\000e\000s}{section.2.2}% 18
\BOOKMARK [2][-]{subsection.2.2.5}{\376\377\000G\000e\000r\000a\000r\000\040\000H\000T\000M\000L\000s\000/\000M\000a\000i\000n}{section.2.2}% 19
\BOOKMARK [1][-]{section.2.3}{\376\377\000R\000e\000s\000u\000l\000t\000a\000d\000o\000s\000\040\000d\000o\000\040\000P\000r\000o\000b\000l\000e\000m\000a\000\040\0002}{chapter.2}% 20
\BOOKMARK [2][-]{subsection.2.3.1}{\376\377\000I\000n\000d\000i\000c\000a\000d\000o\000r\000e\000s}{section.2.3}% 21
\BOOKMARK [2][-]{subsection.2.3.2}{\376\377\000E\000x\000e\000m\000p\000l\000o\000\040\000d\000e\000\040\000L\000i\000s\000t\000a\000s}{section.2.3}% 22
\BOOKMARK [0][-]{chapter.3}{\376\377\000C\000o\000n\000c\000l\000u\000s\000\343\000o}{}% 23
\BOOKMARK [0][-]{appendix.A}{\376\377\000C\000\363\000d\000i\000g\000o\000\040\000d\000o\000\040\000P\000r\000o\000g\000r\000a\000m\000a}{}% 24
\BOOKMARK [1][-]{subsection.A.0.1}{\376\377\000C\000\363\000d\000i\000g\000o\000\040\000d\000o\000\040\000E\000x\000e\000r\000c\000\355\000c\000i\000o\000\040\0001}{appendix.A}% 25
\BOOKMARK [2][-]{subsection.A.0.2}{\376\377\000C\000\363\000d\000i\000g\000o\000\040\000d\000o\000\040\000E\000x\000e\000r\000c\000\355\000c\000i\000o\000\040\0002}{subsection.A.0.1}% 26
