This is pdfTeX, Version 3.141592653-2.6-1.40.24 (MiKTeX 22.10) (preloaded format=pdflatex 2022.11.4)  12 NOV 2022 20:34
entering extended mode
 restricted \write18 enabled.
 %&-line parsing enabled.
**./relprojLayout.tex
(relprojLayout.tex
LaTeX2e <2022-06-01> patch level 5
L3 programming layer <2022-09-28>
(C:\Users\ruben\AppData\Local\Programs\MiKTeX\tex/latex/base\report.cls
Document Class: report 2021/10/04 v1.4n Standard LaTeX document class
(C:\Users\ruben\AppData\Local\Programs\MiKTeX\tex/latex/base\size11.clo
File: size11.clo 2021/10/04 v1.4n Standard LaTeX file (size option)
)
\c@part=\count185
\c@chapter=\count186
\c@section=\count187
\c@subsection=\count188
\c@subsubsection=\count189
\c@paragraph=\count190
\c@subparagraph=\count191
\c@figure=\count192
\c@table=\count193
\abovecaptionskip=\skip47
\belowcaptionskip=\skip48
\bibindent=\dimen138
)
(C:\Users\ruben\AppData\Local\Programs\MiKTeX\tex/generic/babel\babel.sty
Package: babel 2022/10/04 3.81 The Babel package
\babel@savecnt=\count194
\U@D=\dimen139
\l@unhyphenated=\language79

(C:\Users\ruben\AppData\Local\Programs\MiKTeX\tex/generic/babel\txtbabel.def)
\bbl@readstream=\read2
\bbl@dirlevel=\count195

*************************************
* Local config file bblopts.cfg used
*
(C:\Users\ruben\AppData\Local\Programs\MiKTeX\tex/latex/arabi\bblopts.cfg
File: bblopts.cfg 2005/09/08 v0.1 add Arabic and Farsi to "declared" options of
 babel
)
(C:\Users\ruben\AppData\Local\Programs\MiKTeX\tex/latex/babel-portuges\portuges
.ldf
Language: portuges 2021/07/09 v1.2t Portuguese support from the babel system
Package babel Info: Making " an active character on input line 143.
))
(C:\Users\ruben\AppData\Local\Programs\MiKTeX\tex/latex/base\inputenc.sty
Package: inputenc 2021/02/14 v1.3d Input encoding file
\inpenc@prehook=\toks16
\inpenc@posthook=\toks17
)
(C:\Users\ruben\AppData\Local\Programs\MiKTeX\tex/latex/graphics\graphicx.sty
Package: graphicx 2021/09/16 v1.2d Enhanced LaTeX Graphics (DPC,SPQR)

(C:\Users\ruben\AppData\Local\Programs\MiKTeX\tex/latex/graphics\keyval.sty
Package: keyval 2022/05/29 v1.15 key=value parser (DPC)
\KV@toks@=\toks18
)
(C:\Users\ruben\AppData\Local\Programs\MiKTeX\tex/latex/graphics\graphics.sty
Package: graphics 2022/03/10 v1.4e Standard LaTeX Graphics (DPC,SPQR)

(C:\Users\ruben\AppData\Local\Programs\MiKTeX\tex/latex/graphics\trig.sty
Package: trig 2021/08/11 v1.11 sin cos tan (DPC)
)
(C:\Users\ruben\AppData\Local\Programs\MiKTeX\tex/latex/graphics-cfg\graphics.c
fg
File: graphics.cfg 2016/06/04 v1.11 sample graphics configuration
)
Package graphics Info: Driver file: pdftex.def on input line 107.

(C:\Users\ruben\AppData\Local\Programs\MiKTeX\tex/latex/graphics-def\pdftex.def
File: pdftex.def 2022/09/22 v1.2b Graphics/color driver for pdftex
\stockwidth=\dimen140
\stockheight=\dimen141
))
\Gin@req@height=\dimen142
\Gin@req@width=\dimen143
) (C:\Users\ruben\AppData\Local\Programs\MiKTeX\tex/latex/url\url.sty
\Urlmuskip=\muskip16
Package: url 2013/09/16  ver 3.4  Verb mode for urls, etc.
)
(C:\Users\ruben\AppData\Local\Programs\MiKTeX\tex/latex/tools\enumerate.sty
Package: enumerate 2015/07/23 v3.00 enumerate extensions (DPC)
\@enLab=\toks19
)
(C:\Users\ruben\AppData\Local\Programs\MiKTeX\tex/latex/graphics\color.sty
Package: color 2022/01/06 v1.3d Standard LaTeX Color (DPC)

(C:\Users\ruben\AppData\Local\Programs\MiKTeX\tex/latex/graphics-cfg\color.cfg
File: color.cfg 2016/01/02 v1.6 sample color configuration
)
Package color Info: Driver file: pdftex.def on input line 149.
(C:\Users\ruben\AppData\Local\Programs\MiKTeX\tex/latex/graphics\mathcolor.ltx)
) (C:\Users\ruben\AppData\Local\Programs\MiKTeX\tex/latex/multirow\multirow.sty
Package: multirow 2021/03/15 v2.8 Span multiple rows of a table
\multirow@colwidth=\skip49
\multirow@cntb=\count196
\multirow@dima=\skip50
\bigstrutjot=\dimen144
) (C:\Users\ruben\AppData\Local\Programs\MiKTeX\tex/latex/tools\array.sty
Package: array 2022/03/10 v2.5f Tabular extension package (FMi)
\col@sep=\dimen145
\ar@mcellbox=\box51
\extrarowheight=\dimen146
\NC@list=\toks20
\extratabsurround=\skip51
\backup@length=\skip52
\ar@cellbox=\box52
)
(C:\Users\ruben\AppData\Local\Programs\MiKTeX\tex/latex/hyperref\hyperref.sty
Package: hyperref 2022-09-22 v7.00t Hypertext links for LaTeX

(C:\Users\ruben\AppData\Local\Programs\MiKTeX\tex/generic/ltxcmds\ltxcmds.sty
Package: ltxcmds 2020-05-10 v1.25 LaTeX kernel commands for general use (HO)
)
(C:\Users\ruben\AppData\Local\Programs\MiKTeX\tex/generic/iftex\iftex.sty
Package: iftex 2022/02/03 v1.0f TeX engine tests
)
(C:\Users\ruben\AppData\Local\Programs\MiKTeX\tex/generic/pdftexcmds\pdftexcmds
.sty
Package: pdftexcmds 2020-06-27 v0.33 Utility functions of pdfTeX for LuaTeX (HO
)

(C:\Users\ruben\AppData\Local\Programs\MiKTeX\tex/generic/infwarerr\infwarerr.s
ty
Package: infwarerr 2019/12/03 v1.5 Providing info/warning/error messages (HO)
)
Package pdftexcmds Info: \pdf@primitive is available.
Package pdftexcmds Info: \pdf@ifprimitive is available.
Package pdftexcmds Info: \pdfdraftmode found.
)
(C:\Users\ruben\AppData\Local\Programs\MiKTeX\tex/latex/kvsetkeys\kvsetkeys.sty
Package: kvsetkeys 2022-10-05 v1.19 Key value parser (HO)
)
(C:\Users\ruben\AppData\Local\Programs\MiKTeX\tex/generic/kvdefinekeys\kvdefine
keys.sty
Package: kvdefinekeys 2019-12-19 v1.6 Define keys (HO)
)
(C:\Users\ruben\AppData\Local\Programs\MiKTeX\tex/generic/pdfescape\pdfescape.s
ty
Package: pdfescape 2019/12/09 v1.15 Implements pdfTeX's escape features (HO)
) (C:\Users\ruben\AppData\Local\Programs\MiKTeX\tex/latex/hycolor\hycolor.sty
Package: hycolor 2020-01-27 v1.10 Color options for hyperref/bookmark (HO)
)
(C:\Users\ruben\AppData\Local\Programs\MiKTeX\tex/latex/letltxmacro\letltxmacro
.sty
Package: letltxmacro 2019/12/03 v1.6 Let assignment for LaTeX macros (HO)
)
(C:\Users\ruben\AppData\Local\Programs\MiKTeX\tex/latex/auxhook\auxhook.sty
Package: auxhook 2019-12-17 v1.6 Hooks for auxiliary files (HO)
)
(C:\Users\ruben\AppData\Local\Programs\MiKTeX\tex/latex/hyperref\nameref.sty
Package: nameref 2022-05-17 v2.50 Cross-referencing by name of section

(C:\Users\ruben\AppData\Local\Programs\MiKTeX\tex/latex/refcount\refcount.sty
Package: refcount 2019/12/15 v3.6 Data extraction from label references (HO)
)
(C:\Users\ruben\AppData\Local\Programs\MiKTeX\tex/generic/gettitlestring\gettit
lestring.sty
Package: gettitlestring 2019/12/15 v1.6 Cleanup title references (HO)

(C:\Users\ruben\AppData\Local\Programs\MiKTeX\tex/latex/kvoptions\kvoptions.sty
Package: kvoptions 2022-06-15 v3.15 Key value format for package options (HO)
))
\c@section@level=\count197
)
\@linkdim=\dimen147
\Hy@linkcounter=\count198
\Hy@pagecounter=\count199
 (C:\Users\ruben\AppData\Local\Programs\MiKTeX\tex/latex/hyperref\pd1enc.def
File: pd1enc.def 2022-09-22 v7.00t Hyperref: PDFDocEncoding definition (HO)
Now handling font encoding PD1 ...
... no UTF-8 mapping file for font encoding PD1
) (C:\Users\ruben\AppData\Local\Programs\MiKTeX\tex/generic/intcalc\intcalc.sty
Package: intcalc 2019/12/15 v1.3 Expandable calculations with integers (HO)
)
(C:\Users\ruben\AppData\Local\Programs\MiKTeX\tex/generic/etexcmds\etexcmds.sty
Package: etexcmds 2019/12/15 v1.7 Avoid name clashes with e-TeX commands (HO)
)
\Hy@SavedSpaceFactor=\count266
 (C:\Users\ruben\AppData\Local\Programs\MiKTeX\tex/latex/hyperref\puenc.def
File: puenc.def 2022-09-22 v7.00t Hyperref: PDF Unicode definition (HO)
Now handling font encoding PU ...
... no UTF-8 mapping file for font encoding PU
)
Package hyperref Info: Hyper figures OFF on input line 4162.
Package hyperref Info: Link nesting OFF on input line 4167.
Package hyperref Info: Hyper index ON on input line 4170.
Package hyperref Info: Plain pages OFF on input line 4177.
Package hyperref Info: Backreferencing OFF on input line 4182.
Package hyperref Info: Implicit mode ON; LaTeX internals redefined.
Package hyperref Info: Bookmarks ON on input line 4410.
\c@Hy@tempcnt=\count267
LaTeX Info: Redefining \url on input line 4748.
\XeTeXLinkMargin=\dimen148

(C:\Users\ruben\AppData\Local\Programs\MiKTeX\tex/generic/bitset\bitset.sty
Package: bitset 2019/12/09 v1.3 Handle bit-vector datatype (HO)

(C:\Users\ruben\AppData\Local\Programs\MiKTeX\tex/generic/bigintcalc\bigintcalc
.sty
Package: bigintcalc 2019/12/15 v1.5 Expandable calculations on big integers (HO
)
))
\Fld@menulength=\count268
\Field@Width=\dimen149
\Fld@charsize=\dimen150
Package hyperref Info: Hyper figures OFF on input line 6027.
Package hyperref Info: Link nesting OFF on input line 6032.
Package hyperref Info: Hyper index ON on input line 6035.
Package hyperref Info: backreferencing OFF on input line 6042.
Package hyperref Info: Link coloring OFF on input line 6047.
Package hyperref Info: Link coloring with OCG OFF on input line 6052.
Package hyperref Info: PDF/A mode OFF on input line 6057.

(C:\Users\ruben\AppData\Local\Programs\MiKTeX\tex/latex/base\atbegshi-ltx.sty
Package: atbegshi-ltx 2021/01/10 v1.0c Emulation of the original atbegshi
package with kernel methods
)
\Hy@abspage=\count269
\c@Item=\count270
\c@Hfootnote=\count271
)
Package hyperref Info: Driver: hpdftex.
(C:\Users\ruben\AppData\Local\Programs\MiKTeX\tex/latex/hyperref\hpdftex.def
File: hpdftex.def 2022-09-22 v7.00t Hyperref driver for pdfTeX

(C:\Users\ruben\AppData\Local\Programs\MiKTeX\tex/latex/base\atveryend-ltx.sty
Package: atveryend-ltx 2020/08/19 v1.0a Emulation of the original atveryend pac
kage
with kernel methods
)
\Fld@listcount=\count272
\c@bookmark@seq@number=\count273

(C:\Users\ruben\AppData\Local\Programs\MiKTeX\tex/latex/rerunfilecheck\rerunfil
echeck.sty
Package: rerunfilecheck 2022-07-10 v1.10 Rerun checks for auxiliary files (HO)

(C:\Users\ruben\AppData\Local\Programs\MiKTeX\tex/generic/uniquecounter\uniquec
ounter.sty
Package: uniquecounter 2019/12/15 v1.4 Provide unlimited unique counter (HO)
)
Package uniquecounter Info: New unique counter `rerunfilecheck' on input line 2
85.
)
\Hy@SectionHShift=\skip53
)
(C:\Users\ruben\AppData\Local\Programs\MiKTeX\tex/latex/listings\listings.sty
\lst@mode=\count274
\lst@gtempboxa=\box53
\lst@token=\toks21
\lst@length=\count275
\lst@currlwidth=\dimen151
\lst@column=\count276
\lst@pos=\count277
\lst@lostspace=\dimen152
\lst@width=\dimen153
\lst@newlines=\count278
\lst@lineno=\count279
\lst@maxwidth=\dimen154

(C:\Users\ruben\AppData\Local\Programs\MiKTeX\tex/latex/listings\lstmisc.sty
File: lstmisc.sty 2020/03/24 1.8d (Carsten Heinz)
\c@lstnumber=\count280
\lst@skipnumbers=\count281
\lst@framebox=\box54
)
(C:\Users\ruben\AppData\Local\Programs\MiKTeX\tex/latex/listings\listings.cfg
File: listings.cfg 2020/03/24 1.8d listings configuration
))
Package: listings 2020/03/24 1.8d (Carsten Heinz)
(C:\Users\ruben\AppData\Local\Programs\MiKTeX\tex/latex/tools\xspace.sty
Package: xspace 2014/10/28 v1.13 Space after command names (DPC,MH)
)
(C:\Users\ruben\AppData\Local\Programs\MiKTeX\tex/latex/l3backend\l3backend-pdf
tex.def
File: l3backend-pdftex.def 2022-09-28 L3 backend support: PDF output (pdfTeX)
\l__color_backend_stack_int=\count282
\l__pdf_internal_box=\box55
) (relprojLayout.aux

LaTeX Warning: Label `fig' multiply defined.


LaTeX Warning: Label `fig' multiply defined.


LaTeX Warning: Label `fig' multiply defined.


LaTeX Warning: Label `fig' multiply defined.


LaTeX Warning: Label `fig' multiply defined.


LaTeX Warning: Label `fig' multiply defined.


LaTeX Warning: Label `fig' multiply defined.


LaTeX Warning: Label `fig' multiply defined.


LaTeX Warning: Label `fig' multiply defined.


LaTeX Warning: Label `fig' multiply defined.


LaTeX Warning: Label `fig' multiply defined.


LaTeX Warning: Label `fig' multiply defined.


LaTeX Warning: Label `fig' multiply defined.


LaTeX Warning: Label `sec:resProb1' multiply defined.


LaTeX Warning: Label `fig' multiply defined.


LaTeX Warning: Label `fig' multiply defined.


LaTeX Warning: Label `fig' multiply defined.


LaTeX Warning: Label `fig' multiply defined.


LaTeX Warning: Label `fig' multiply defined.


LaTeX Warning: Label `fig' multiply defined.


LaTeX Warning: Label `fig' multiply defined.


LaTeX Warning: Label `fig' multiply defined.


LaTeX Warning: Label `fig' multiply defined.


LaTeX Warning: Label `fig' multiply defined.


LaTeX Warning: Label `fig' multiply defined.


LaTeX Warning: Label `fig' multiply defined.


LaTeX Warning: Label `fig' multiply defined.


LaTeX Warning: Label `fig' multiply defined.


LaTeX Warning: Label `fig' multiply defined.


LaTeX Warning: Label `fig' multiply defined.


LaTeX Warning: Label `fig' multiply defined.


LaTeX Warning: Label `fig' multiply defined.


LaTeX Warning: Label `fig' multiply defined.


LaTeX Warning: Label `sec:resProb2' multiply defined.


LaTeX Warning: Label `fig' multiply defined.


LaTeX Warning: Label `fig' multiply defined.

)
\openout1 = `relprojLayout.aux'.

LaTeX Font Info:    Checking defaults for OML/cmm/m/it on input line 105.
LaTeX Font Info:    ... okay on input line 105.
LaTeX Font Info:    Checking defaults for OMS/cmsy/m/n on input line 105.
LaTeX Font Info:    ... okay on input line 105.
LaTeX Font Info:    Checking defaults for OT1/cmr/m/n on input line 105.
LaTeX Font Info:    ... okay on input line 105.
LaTeX Font Info:    Checking defaults for T1/cmr/m/n on input line 105.
LaTeX Font Info:    ... okay on input line 105.
LaTeX Font Info:    Checking defaults for TS1/cmr/m/n on input line 105.
LaTeX Font Info:    ... okay on input line 105.
LaTeX Font Info:    Checking defaults for OMX/cmex/m/n on input line 105.
LaTeX Font Info:    ... okay on input line 105.
LaTeX Font Info:    Checking defaults for U/cmr/m/n on input line 105.
LaTeX Font Info:    ... okay on input line 105.
LaTeX Font Info:    Checking defaults for PD1/pdf/m/n on input line 105.
LaTeX Font Info:    ... okay on input line 105.
LaTeX Font Info:    Checking defaults for PU/pdf/m/n on input line 105.
LaTeX Font Info:    ... okay on input line 105.

(C:\Users\ruben\AppData\Local\Programs\MiKTeX\tex/context/base/mkii\supp-pdf.mk
ii
[Loading MPS to PDF converter (version 2006.09.02).]
\scratchcounter=\count283
\scratchdimen=\dimen155
\scratchbox=\box56
\nofMPsegments=\count284
\nofMParguments=\count285
\everyMPshowfont=\toks22
\MPscratchCnt=\count286
\MPscratchDim=\dimen156
\MPnumerator=\count287
\makeMPintoPDFobject=\count288
\everyMPtoPDFconversion=\toks23
)
(C:\Users\ruben\AppData\Local\Programs\MiKTeX\tex/latex/epstopdf-pkg\epstopdf-b
ase.sty
Package: epstopdf-base 2020-01-24 v2.11 Base part for package epstopdf
Package epstopdf-base Info: Redefining graphics rule for `.eps' on input line 4
85.

(C:\Users\ruben\AppData\Local\Programs\MiKTeX\tex/latex/00miktex\epstopdf-sys.c
fg
File: epstopdf-sys.cfg 2021/03/18 v2.0 Configuration of epstopdf for MiKTeX
))
Package hyperref Info: Link coloring OFF on input line 105.
 (relprojLayout.out) (relprojLayout.out)
\@outlinefile=\write3
\openout3 = `relprojLayout.out'.

\c@lstlisting=\count289
LaTeX Font Info:    External font `cmex10' loaded for size
(Font)              <12> on input line 107.
LaTeX Font Info:    External font `cmex10' loaded for size
(Font)              <8> on input line 107.
LaTeX Font Info:    External font `cmex10' loaded for size
(Font)              <6> on input line 107.
 [1

{C:/Users/ruben/AppData/Local/MiKTeX/fonts/map/pdftex/pdftex.map}]
Underfull \hbox (badness 10000) in paragraph at lines 109--113

 []


pdfTeX warning (ext4): destination with the same identifier (name{page.1}) has 
been already used, duplicate ignored
<to be read again> 
                   \relax 
l.113 \end{abstract}
                     [1] (relprojLayout.toc
LaTeX Font Info:    External font `cmex10' loaded for size
(Font)              <10.95> on input line 3.
)
\tf@toc=\write4
\openout4 = `relprojLayout.toc'.


pdfTeX warning (ext4): destination with the same identifier (name{page.1}) has 
been already used, duplicate ignored
<to be read again> 
                   \relax 
l.119 \chapter
              {Processador de Pessoas listadas nos Róis de Confessados} \la...
[1

]
Cap\'{\i }tulo 1.
<exemploProcessos.png, id=152, 581.7735pt x 69.861pt>
File: exemploProcessos.png Graphic file (type png)
<use exemploProcessos.png>
Package pdftex.def Info: exemploProcessos.png  used on input line 135.
(pdftex.def)             Requested size: 581.77208pt x 69.86081pt.
[2

 <./exemploProcessos.png>]
<filtra_info1_EX1.png, id=161, 417.35925pt x 316.7835pt>
File: filtra_info1_EX1.png Graphic file (type png)
<use filtra_info1_EX1.png>
Package pdftex.def Info: filtra_info1_EX1.png  used on input line 168.
(pdftex.def)             Requested size: 417.35822pt x 316.78271pt.
 [3 <./filtra_info1_EX1.png>]
LaTeX Font Info:    Trying to load font information for OMS+cmtt on input line 
180.
LaTeX Font Info:    No file OMScmtt.fd. on input line 180.


LaTeX Font Warning: Font shape `OMS/cmtt/m/n' undefined
(Font)              using `OMS/cmsy/m/n' instead
(Font)              for symbol `textbackslash' on input line 180.


Underfull \hbox (badness 10000) in paragraph at lines 183--185

 []

<filtra_info2_EX1.png, id=172, 432.4155pt x 405.31425pt>
File: filtra_info2_EX1.png Graphic file (type png)
<use filtra_info2_EX1.png>
Package pdftex.def Info: filtra_info2_EX1.png  used on input line 189.
(pdftex.def)             Requested size: 432.41444pt x 405.31326pt.

Overfull \hbox (1.86221pt too wide) in paragraph at lines 195--196
\OT1/cmr/m/n/10.95 Esta parte do pro-blema foi re-sol-vido com 3 fun^^Xc~oes di
s-tin-tas: cal-cu-lar[]freq[]processos, cal-cu-lar[]freq[]nomes[]sec,
 []


Underfull \hbox (badness 10000) in paragraph at lines 195--196

 []

[4 <./filtra_info2_EX1.png>]
Underfull \hbox (badness 10000) in paragraph at lines 199--204

 []

<calc_freq_processos.png, id=180, 409.53pt x 232.4685pt>
File: calc_freq_processos.png Graphic file (type png)
<use calc_freq_processos.png>
Package pdftex.def Info: calc_freq_processos.png  used on input line 214.
(pdftex.def)             Requested size: 409.52899pt x 232.46793pt.
[5 <./calc_freq_processos.png>]
<calc_freq_nomes_sec1.png, id=188, 420.3705pt x 221.628pt>
File: calc_freq_nomes_sec1.png Graphic file (type png)
<use calc_freq_nomes_sec1.png>
Package pdftex.def Info: calc_freq_nomes_sec1.png  used on input line 230.
(pdftex.def)             Requested size: 420.36948pt x 221.62746pt.
<exemploProcessos_apelido.png, id=189, 569.7285pt x 24.09pt>
File: exemploProcessos_apelido.png Graphic file (type png)
<use exemploProcessos_apelido.png>
Package pdftex.def Info: exemploProcessos_apelido.png  used on input line 241.
(pdftex.def)             Requested size: 569.72711pt x 24.08992pt.

Underfull \hbox (badness 10000) in paragraph at lines 246--248

 []

<calc_freq_nomes_sec21.png, id=190, 369.17924pt x 68.6565pt>
File: calc_freq_nomes_sec21.png Graphic file (type png)
<use calc_freq_nomes_sec21.png>
Package pdftex.def Info: calc_freq_nomes_sec21.png  used on input line 251.
(pdftex.def)             Requested size: 369.17834pt x 68.65631pt.
<calc_freq_nomes_sec22.png, id=191, 476.37975pt x 265.59225pt>
File: calc_freq_nomes_sec22.png Graphic file (type png)
<use calc_freq_nomes_sec22.png>
Package pdftex.def Info: calc_freq_nomes_sec22.png  used on input line 256.
(pdftex.def)             Requested size: 476.37857pt x 265.59158pt.
<calc_freq_nomes_sec3.png, id=192, 483.60675pt x 126.4725pt>
File: calc_freq_nomes_sec3.png Graphic file (type png)
<use calc_freq_nomes_sec3.png>
Package pdftex.def Info: calc_freq_nomes_sec3.png  used on input line 265.
(pdftex.def)             Requested size: 483.60556pt x 126.47218pt.
[6 <./calc_freq_nomes_sec1.png> <./exemploProcessos_apelido.png>] [7 <./calc_fr
eq_nomes_sec21.png> <./calc_freq_nomes_sec22.png>]
<calc_freq_nomes_sec4.png, id=209, 323.40825pt x 287.27325pt>
File: calc_freq_nomes_sec4.png Graphic file (type png)
<use calc_freq_nomes_sec4.png>
Package pdftex.def Info: calc_freq_nomes_sec4.png  used on input line 277.
(pdftex.def)             Requested size: 323.40744pt x 287.27255pt.

Underfull \hbox (badness 10000) in paragraph at lines 283--287

 []

[8 <./calc_freq_nomes_sec3.png> <./calc_freq_nomes_sec4.png>]
<calc_freq_relacao1.png, id=218, 317.38576pt x 229.45724pt>
File: calc_freq_relacao1.png Graphic file (type png)
<use calc_freq_relacao1.png>
Package pdftex.def Info: calc_freq_relacao1.png  used on input line 289.
(pdftex.def)             Requested size: 317.38498pt x 229.45667pt.
<calc_freq_relacao2.png, id=219, 540.8205pt x 149.358pt>
File: calc_freq_relacao2.png Graphic file (type png)
<use calc_freq_relacao2.png>
Package pdftex.def Info: calc_freq_relacao2.png  used on input line 297.
(pdftex.def)             Requested size: 540.81917pt x 149.35762pt.
<calc_freq_relacao3.png, id=220, 390.86024pt x 92.7465pt>
File: calc_freq_relacao3.png Graphic file (type png)
<use calc_freq_relacao3.png>
Package pdftex.def Info: calc_freq_relacao3.png  used on input line 304.
(pdftex.def)             Requested size: 390.85928pt x 92.74628pt.
 [9 <./calc_freq_relacao1.png> <./calc_freq_relacao2.png>]
<criar_JSON.png, id=229, 171.64125pt x 160.80075pt>
File: criar_JSON.png Graphic file (type png)
<use criar_JSON.png>
Package pdftex.def Info: criar_JSON.png  used on input line 315.
(pdftex.def)             Requested size: 171.64081pt x 160.80034pt.
 [10 <./calc_freq_relacao3.png> <./criar_JSON.png>]
<resProcAno.png, id=238, 345.08925pt x 101.78024pt>
File: resProcAno.png Graphic file (type png)
<use resProcAno.png>
Package pdftex.def Info: resProcAno.png  used on input line 327.
(pdftex.def)             Requested size: 345.08841pt x 101.77997pt.
<resNomeSec.png, id=239, 313.17pt x 86.12175pt>
File: resNomeSec.png Graphic file (type png)
<use resNomeSec.png>
Package pdftex.def Info: resNomeSec.png  used on input line 338.
(pdftex.def)             Requested size: 313.16922pt x 86.12154pt.
 [11 <./resProcAno.png> <./resNomeSec.png>]
<resRel.png, id=249, 381.8265pt x 424.58624pt>
File: resRel.png Graphic file (type png)
<use resRel.png>
Package pdftex.def Info: resRel.png  used on input line 349.
(pdftex.def)             Requested size: 381.82556pt x 424.5852pt.
 [12 <./resRel.png>]
<mainEx1.png, id=256, 315.579pt x 252.34274pt>
File: mainEx1.png Graphic file (type png)
<use mainEx1.png>
Package pdftex.def Info: mainEx1.png  used on input line 361.
(pdftex.def)             Requested size: 315.57822pt x 252.34212pt.
<menuEx1.png, id=257, 271.61475pt x 62.634pt>
File: menuEx1.png Graphic file (type png)
<use menuEx1.png>
Package pdftex.def Info: menuEx1.png  used on input line 368.
(pdftex.def)             Requested size: 271.61407pt x 62.63383pt.

[13 <./mainEx1.png> <./menuEx1.png>]
Cap\'{\i }tulo 2.
<exemploCSVDesporto.png, id=266, 687.7695pt x 89.73524pt>
File: exemploCSVDesporto.png Graphic file (type png)
<use exemploCSVDesporto.png>
Package pdftex.def Info: exemploCSVDesporto.png  used on input line 394.
(pdftex.def)             Requested size: 550.21635pt x 71.78827pt.
[14

 <./exemploCSVDesporto.png>]
<filtra_info1_EX2.png, id=273, 345.08925pt x 277.63725pt>
File: filtra_info1_EX2.png Graphic file (type png)
<use filtra_info1_EX2.png>
Package pdftex.def Info: filtra_info1_EX2.png  used on input line 420.
(pdftex.def)             Requested size: 345.08841pt x 277.63657pt.
 [15 <./filtra_info1_EX2.png>]
<filtra_info2_EX2.png, id=285, 363.759pt x 402.90524pt>
File: filtra_info2_EX2.png Graphic file (type png)
<use filtra_info2_EX2.png>
Package pdftex.def Info: filtra_info2_EX2.png  used on input line 444.
(pdftex.def)             Requested size: 363.75812pt x 402.90425pt.

Underfull \hbox (badness 10000) in paragraph at lines 452--453

 []

[16 <./filtra_info2_EX2.png>]
<datas_extremas.png, id=292, 360.1455pt x 264.99pt>
File: datas_extremas.png Graphic file (type png)
<use datas_extremas.png>
Package pdftex.def Info: datas_extremas.png  used on input line 463.
(pdftex.def)             Requested size: 360.1446pt x 264.98935pt.
 [17 <./datas_extremas.png>]
Underfull \hbox (badness 10000) in paragraph at lines 471--472

 []

<distribuicao_modalidade_ano.png, id=300, 325.81725pt x 183.084pt>
File: distribuicao_modalidade_ano.png Graphic file (type png)
<use distribuicao_modalidade_ano.png>
Package pdftex.def Info: distribuicao_modalidade_ano.png  used on input line 47
4.
(pdftex.def)             Requested size: 325.81644pt x 183.08354pt.
<distribuicao_genero_idade.png, id=301, 358.941pt x 208.98074pt>
File: distribuicao_genero_idade.png Graphic file (type png)
<use distribuicao_genero_idade.png>
Package pdftex.def Info: distribuicao_genero_idade.png  used on input line 484.

(pdftex.def)             Requested size: 358.94011pt x 208.98022pt.
[18 <./distribuicao_modalidade_ano.png> <./distribuicao_genero_idade.png>]
<distribuicao_morada.png, id=310, 262.581pt x 113.223pt>
File: distribuicao_morada.png Graphic file (type png)
<use distribuicao_morada.png>
Package pdftex.def Info: distribuicao_morada.png  used on input line 494.
(pdftex.def)             Requested size: 262.58034pt x 113.22272pt.
<aptos.png, id=311, 443.256pt x 305.943pt>
File: aptos.png Graphic file (type png)
<use aptos.png>
Package pdftex.def Info: aptos.png  used on input line 504.
(pdftex.def)             Requested size: 443.25491pt x 305.94223pt.

[19 <./distribuicao_morada.png> <./aptos.png>]
Underfull \hbox (badness 10000) in paragraph at lines 513--514

 []

<draw_table_html.png, id=320, 405.31425pt x 317.38576pt>
File: draw_table_html.png Graphic file (type png)
<use draw_table_html.png>
Package pdftex.def Info: draw_table_html.png  used on input line 524.
(pdftex.def)             Requested size: 405.31326pt x 317.38498pt.
[20 <./draw_table_html.png>]
<draw_table_html_morada.png, id=328, 669.09975pt x 167.4255pt>
File: draw_table_html_morada.png Graphic file (type png)
<use draw_table_html_morada.png>
Package pdftex.def Info: draw_table_html_morada.png  used on input line 536.
(pdftex.def)             Requested size: 535.28053pt x 133.94057pt.
<datas_extremas_html.png, id=329, 663.6795pt x 118.64325pt>
File: datas_extremas_html.png Graphic file (type png)
<use datas_extremas_html.png>
Package pdftex.def Info: datas_extremas_html.png  used on input line 548.
(pdftex.def)             Requested size: 530.94432pt x 94.9147pt.
 [21 <./draw_table_html_morada.png> <./datas_extremas_html.png>]
<indicadores.png, id=338, 510.708pt x 246.32025pt>
File: indicadores.png Graphic file (type png)
<use indicadores.png>
Package pdftex.def Info: indicadores.png  used on input line 563.
(pdftex.def)             Requested size: 408.56694pt x 197.05646pt.
 [22 <./indicadores.png>]
Underfull \hbox (badness 10000) in paragraph at lines 574--575

 []

<lista_final_modalidade.png, id=345, 428.802pt x 307.1475pt>
File: lista_final_modalidade.png Graphic file (type png)
<use lista_final_modalidade.png>
Package pdftex.def Info: lista_final_modalidade.png  used on input line 583.
(pdftex.def)             Requested size: 428.80095pt x 307.14674pt.
[23 <./lista_final_modalidade.png>]
<gerar_html.png, id=353, 445.06274pt x 398.08725pt>
File: gerar_html.png Graphic file (type png)
<use gerar_html.png>
Package pdftex.def Info: gerar_html.png  used on input line 598.
(pdftex.def)             Requested size: 445.06165pt x 398.08627pt.
 [24 <./gerar_html.png>]
<index_html.png, id=360, 764.8575pt x 526.96875pt>
File: index_html.png Graphic file (type png)
<use index_html.png>
Package pdftex.def Info: index_html.png  used on input line 610.
(pdftex.def)             Requested size: 535.39659pt x 368.8756pt.
 [25 <./index_html.png>]
<modalidade_html.png, id=367, 216.81pt x 511.9125pt>
File: modalidade_html.png Graphic file (type png)
<use modalidade_html.png>
Package pdftex.def Info: modalidade_html.png  used on input line 618.
(pdftex.def)             Requested size: 173.44823pt x 409.53056pt.
 [26 <./modalidade_html.png>]
Cap\'{\i }tulo 3.

Underfull \hbox (badness 10000) in paragraph at lines 624--626

 []

[27

]
Ap\^endice A.

Package hyperref Warning: Difference (2) between bookmark levels is greater 
(hyperref)                than one, level fixed on input line 628.

[28

]
Overfull \hbox (28.22705pt too wide) in paragraph at lines 868--868
[]                \OT1/cmtt/m/n/10.95 # Recolher Informa^^Xc~oes que possuem No
mes Proprios (Come^^Xcam por Letra maiscula)[] 
 []

[29]
Overfull \hbox (68.46786pt too wide) in paragraph at lines 868--868
[]                \OT1/cmtt/m/n/10.95 # Este if serve para os casos por exemplo
 "Ana Lopes Coelho (ou Ana Fernandes Lopes)"[] 
 []


Overfull \hbox (102.95999pt too wide) in paragraph at lines 868--868
[]                    \OT1/cmtt/m/n/10.95 # Voltar a mandar o primeiro nome pra
 lista porque o Apelido ^^Se a unica coisa que difere[] 
 []

[30]
Overfull \hbox (68.46786pt too wide) in paragraph at lines 868--868
[]            \OT1/cmtt/m/n/10.95 #(nome,junk) pois a fun^^Xc~ao findall est^^S
a a criar um tuplo e n^^Sos queremos o primeiro membro[] 
 []

[31]
Overfull \hbox (125.95474pt too wide) in paragraph at lines 868--868
[]            \OT1/cmtt/m/n/10.95 #Tivemos de Adicionar estas 2 Excluisoes, poi
s eles sairam fora do nosso ER, Somente estes 2 casos![] 
 []


Overfull \hbox (28.22705pt too wide) in paragraph at lines 868--868
[]            \OT1/cmtt/m/n/10.95 if not(re.match("Jeronimo Silva Coelho", rela
coes) or re.match("Frei", relacoes)):[] 
 []

[32]
Overfull \hbox (539.86026pt too wide) in paragraph at lines 868--868
[]    \OT1/cmtt/m/n/10.95 x = int(input("Digite qual exercicio:\n1-> Frequencia
 de Processos por Ano\n2-> Frequencia de Nomes Proprios e Apelidos por Seculo\n
3-> Frequencia dos Tipos de Rela^^Xc~ao\nOpcao: "))[] 
 []


Overfull \hbox (959.51447pt too wide) in paragraph at lines 1228--1228
[]\OT1/cmtt/m/n/10.95 string_iniciar_html = '<!DOCTYPE html><html lang="en"><he
ad><meta charset="UTF-8"><meta http-equiv="X-UA-Compatible" content="IE=edge"><
meta name="viewport" content="width=device-width, initial-scale=1.0"><title>Doc
ument</title></head><body></body></html>'[] 
 []

[33] [34] [35] [36]
Overfull \hbox (229.43112pt too wide) in paragraph at lines 1228--1228
[]        \OT1/cmtt/m/n/10.95 '</a></h1><table><tr><th style="text-align: cente
r">Moradas</th><th style="text-align: center">Numero de Habitantes</th>'[] 
 []


Overfull \hbox (223.68243pt too wide) in paragraph at lines 1228--1228
[]    \OT1/cmtt/m/n/10.95 str_header = '<body><h1><a href="extremos.html">Datas
 Extremas</a></h1><table><tr><th style="text-align: center">Datas</th>'[] 
 []


Overfull \hbox (51.2218pt too wide) in paragraph at lines 1228--1228
[]                           \OT1/cmtt/m/n/10.95 str1, "Distribuicao de Genero 
e Idades", "Idades", "idade_genero.html")[] 
 []


Overfull \hbox (51.2218pt too wide) in paragraph at lines 1228--1228
[]                           \OT1/cmtt/m/n/10.95 str1, "Distribuicao de Modalid
ades por Ano", "Anos", "modalidade.html")[] 
 []

[37] [38] [39] [40] (relprojLayout.aux)

LaTeX Font Warning: Some font shapes were not available, defaults substituted.


LaTeX Warning: There were multiply-defined labels.

Package rerunfilecheck Info: File `relprojLayout.out' has not changed.
(rerunfilecheck)             Checksum: C7CA0F0357EFB7C1FB9741E9952D7EF0;4967.
 ) 
Here is how much of TeX's memory you used:
 11261 strings out of 475385
 183549 string characters out of 2776907
 541653 words of memory out of 3000000
 32363 multiletter control sequences out of 15000+600000
 477138 words of font info for 54 fonts, out of 8000000 for 9000
 1141 hyphenation exceptions out of 8191
 72i,8n,77p,462b,594s stack positions out of 10000i,1000n,20000p,200000b,80000s
 <C:\Users\ruben\AppData\Local\MiKTeX\fonts/pk/ljfour/jknappen/ec/dpi600\tcrm
1095.pk> <C:\Users\ruben\AppData\Local\MiKTeX\fonts/pk/ljfour/jknappen/ec/dpi60
0\tcbx1728.pk> <C:\Users\ruben\AppData\Local\MiKTeX\fonts/pk/ljfour/jknappen/ec
/dpi600\tcrm1728.pk><C:/Users/ruben/AppData/Local/Programs/MiKTeX/fonts/type1/p
ublic/amsfonts/cm/cmbx10.pfb><C:/Users/ruben/AppData/Local/Programs/MiKTeX/font
s/type1/public/amsfonts/cm/cmbx12.pfb><C:/Users/ruben/AppData/Local/Programs/Mi
KTeX/fonts/type1/public/amsfonts/cm/cmr10.pfb><C:/Users/ruben/AppData/Local/Pro
grams/MiKTeX/fonts/type1/public/amsfonts/cm/cmr12.pfb><C:/Users/ruben/AppData/L
ocal/Programs/MiKTeX/fonts/type1/public/amsfonts/cm/cmr17.pfb><C:/Users/ruben/A
ppData/Local/Programs/MiKTeX/fonts/type1/public/amsfonts/cm/cmsy10.pfb><C:/User
s/ruben/AppData/Local/Programs/MiKTeX/fonts/type1/public/amsfonts/cm/cmsy6.pfb>
<C:/Users/ruben/AppData/Local/Programs/MiKTeX/fonts/type1/public/amsfonts/cm/cm
tt10.pfb>
Output written on relprojLayout.pdf (42 pages, 895706 bytes).
PDF statistics:
 506 PDF objects out of 1000 (max. 8388607)
 111 named destinations out of 1000 (max. 500000)
 384 words of extra memory for PDF output out of 10000 (max. 10000000)

