This is pdfTeX, Version 3.141592653-2.6-1.40.24 (MiKTeX 22.10) (preloaded format=pdflatex 2022.11.4)  15 JAN 2023 18:43
entering extended mode
 restricted \write18 enabled.
 %&-line parsing enabled.
**./relprojLayout.tex
(relprojLayout.tex
LaTeX2e <2022-06-01> patch level 5
L3 programming layer <2022-09-28>
(C:\Users\ruben\AppData\Local\Programs\MiKTeX\tex/latex/base\report.cls
Document Class: report 2021/10/04 v1.4n Standard LaTeX document class
(C:\Users\ruben\AppData\Local\Programs\MiKTeX\tex/latex/base\size11.clo
File: size11.clo 2021/10/04 v1.4n Standard LaTeX file (size option)
)
\c@part=\count185
\c@chapter=\count186
\c@section=\count187
\c@subsection=\count188
\c@subsubsection=\count189
\c@paragraph=\count190
\c@subparagraph=\count191
\c@figure=\count192
\c@table=\count193
\abovecaptionskip=\skip47
\belowcaptionskip=\skip48
\bibindent=\dimen138
)
(C:\Users\ruben\AppData\Local\Programs\MiKTeX\tex/generic/babel\babel.sty
Package: babel 2022/10/04 3.81 The Babel package
\babel@savecnt=\count194
\U@D=\dimen139
\l@unhyphenated=\language79

(C:\Users\ruben\AppData\Local\Programs\MiKTeX\tex/generic/babel\txtbabel.def)
\bbl@readstream=\read2
\bbl@dirlevel=\count195

*************************************
* Local config file bblopts.cfg used
*
(C:\Users\ruben\AppData\Local\Programs\MiKTeX\tex/latex/arabi\bblopts.cfg
File: bblopts.cfg 2005/09/08 v0.1 add Arabic and Farsi to "declared" options of
 babel
)
(C:\Users\ruben\AppData\Local\Programs\MiKTeX\tex/latex/babel-portuges\portuges
.ldf
Language: portuges 2021/07/09 v1.2t Portuguese support from the babel system
Package babel Info: Making " an active character on input line 143.
))
(C:\Users\ruben\AppData\Local\Programs\MiKTeX\tex/latex/base\inputenc.sty
Package: inputenc 2021/02/14 v1.3d Input encoding file
\inpenc@prehook=\toks16
\inpenc@posthook=\toks17
)
(C:\Users\ruben\AppData\Local\Programs\MiKTeX\tex/latex/graphics\graphicx.sty
Package: graphicx 2021/09/16 v1.2d Enhanced LaTeX Graphics (DPC,SPQR)

(C:\Users\ruben\AppData\Local\Programs\MiKTeX\tex/latex/graphics\keyval.sty
Package: keyval 2022/05/29 v1.15 key=value parser (DPC)
\KV@toks@=\toks18
)
(C:\Users\ruben\AppData\Local\Programs\MiKTeX\tex/latex/graphics\graphics.sty
Package: graphics 2022/03/10 v1.4e Standard LaTeX Graphics (DPC,SPQR)

(C:\Users\ruben\AppData\Local\Programs\MiKTeX\tex/latex/graphics\trig.sty
Package: trig 2021/08/11 v1.11 sin cos tan (DPC)
)
(C:\Users\ruben\AppData\Local\Programs\MiKTeX\tex/latex/graphics-cfg\graphics.c
fg
File: graphics.cfg 2016/06/04 v1.11 sample graphics configuration
)
Package graphics Info: Driver file: pdftex.def on input line 107.

(C:\Users\ruben\AppData\Local\Programs\MiKTeX\tex/latex/graphics-def\pdftex.def
File: pdftex.def 2022/09/22 v1.2b Graphics/color driver for pdftex
\stockwidth=\dimen140
\stockheight=\dimen141
))
\Gin@req@height=\dimen142
\Gin@req@width=\dimen143
) (C:\Users\ruben\AppData\Local\Programs\MiKTeX\tex/latex/url\url.sty
\Urlmuskip=\muskip16
Package: url 2013/09/16  ver 3.4  Verb mode for urls, etc.
)
(C:\Users\ruben\AppData\Local\Programs\MiKTeX\tex/latex/tools\enumerate.sty
Package: enumerate 2015/07/23 v3.00 enumerate extensions (DPC)
\@enLab=\toks19
)
(C:\Users\ruben\AppData\Local\Programs\MiKTeX\tex/latex/graphics\color.sty
Package: color 2022/01/06 v1.3d Standard LaTeX Color (DPC)

(C:\Users\ruben\AppData\Local\Programs\MiKTeX\tex/latex/graphics-cfg\color.cfg
File: color.cfg 2016/01/02 v1.6 sample color configuration
)
Package color Info: Driver file: pdftex.def on input line 149.
(C:\Users\ruben\AppData\Local\Programs\MiKTeX\tex/latex/graphics\mathcolor.ltx)
) (C:\Users\ruben\AppData\Local\Programs\MiKTeX\tex/latex/multirow\multirow.sty
Package: multirow 2021/03/15 v2.8 Span multiple rows of a table
\multirow@colwidth=\skip49
\multirow@cntb=\count196
\multirow@dima=\skip50
\bigstrutjot=\dimen144
) (C:\Users\ruben\AppData\Local\Programs\MiKTeX\tex/latex/tools\array.sty
Package: array 2022/03/10 v2.5f Tabular extension package (FMi)
\col@sep=\dimen145
\ar@mcellbox=\box51
\extrarowheight=\dimen146
\NC@list=\toks20
\extratabsurround=\skip51
\backup@length=\skip52
\ar@cellbox=\box52
)
(C:\Users\ruben\AppData\Local\Programs\MiKTeX\tex/latex/hyperref\hyperref.sty
Package: hyperref 2022-09-22 v7.00t Hypertext links for LaTeX

(C:\Users\ruben\AppData\Local\Programs\MiKTeX\tex/generic/ltxcmds\ltxcmds.sty
Package: ltxcmds 2020-05-10 v1.25 LaTeX kernel commands for general use (HO)
)
(C:\Users\ruben\AppData\Local\Programs\MiKTeX\tex/generic/iftex\iftex.sty
Package: iftex 2022/02/03 v1.0f TeX engine tests
)
(C:\Users\ruben\AppData\Local\Programs\MiKTeX\tex/generic/pdftexcmds\pdftexcmds
.sty
Package: pdftexcmds 2020-06-27 v0.33 Utility functions of pdfTeX for LuaTeX (HO
)

(C:\Users\ruben\AppData\Local\Programs\MiKTeX\tex/generic/infwarerr\infwarerr.s
ty
Package: infwarerr 2019/12/03 v1.5 Providing info/warning/error messages (HO)
)
Package pdftexcmds Info: \pdf@primitive is available.
Package pdftexcmds Info: \pdf@ifprimitive is available.
Package pdftexcmds Info: \pdfdraftmode found.
)
(C:\Users\ruben\AppData\Local\Programs\MiKTeX\tex/latex/kvsetkeys\kvsetkeys.sty
Package: kvsetkeys 2022-10-05 v1.19 Key value parser (HO)
)
(C:\Users\ruben\AppData\Local\Programs\MiKTeX\tex/generic/kvdefinekeys\kvdefine
keys.sty
Package: kvdefinekeys 2019-12-19 v1.6 Define keys (HO)
)
(C:\Users\ruben\AppData\Local\Programs\MiKTeX\tex/generic/pdfescape\pdfescape.s
ty
Package: pdfescape 2019/12/09 v1.15 Implements pdfTeX's escape features (HO)
) (C:\Users\ruben\AppData\Local\Programs\MiKTeX\tex/latex/hycolor\hycolor.sty
Package: hycolor 2020-01-27 v1.10 Color options for hyperref/bookmark (HO)
)
(C:\Users\ruben\AppData\Local\Programs\MiKTeX\tex/latex/letltxmacro\letltxmacro
.sty
Package: letltxmacro 2019/12/03 v1.6 Let assignment for LaTeX macros (HO)
)
(C:\Users\ruben\AppData\Local\Programs\MiKTeX\tex/latex/auxhook\auxhook.sty
Package: auxhook 2019-12-17 v1.6 Hooks for auxiliary files (HO)
)
(C:\Users\ruben\AppData\Local\Programs\MiKTeX\tex/latex/hyperref\nameref.sty
Package: nameref 2022-05-17 v2.50 Cross-referencing by name of section

(C:\Users\ruben\AppData\Local\Programs\MiKTeX\tex/latex/refcount\refcount.sty
Package: refcount 2019/12/15 v3.6 Data extraction from label references (HO)
)
(C:\Users\ruben\AppData\Local\Programs\MiKTeX\tex/generic/gettitlestring\gettit
lestring.sty
Package: gettitlestring 2019/12/15 v1.6 Cleanup title references (HO)

(C:\Users\ruben\AppData\Local\Programs\MiKTeX\tex/latex/kvoptions\kvoptions.sty
Package: kvoptions 2022-06-15 v3.15 Key value format for package options (HO)
))
\c@section@level=\count197
)
\@linkdim=\dimen147
\Hy@linkcounter=\count198
\Hy@pagecounter=\count199
 (C:\Users\ruben\AppData\Local\Programs\MiKTeX\tex/latex/hyperref\pd1enc.def
File: pd1enc.def 2022-09-22 v7.00t Hyperref: PDFDocEncoding definition (HO)
Now handling font encoding PD1 ...
... no UTF-8 mapping file for font encoding PD1
) (C:\Users\ruben\AppData\Local\Programs\MiKTeX\tex/generic/intcalc\intcalc.sty
Package: intcalc 2019/12/15 v1.3 Expandable calculations with integers (HO)
)
(C:\Users\ruben\AppData\Local\Programs\MiKTeX\tex/generic/etexcmds\etexcmds.sty
Package: etexcmds 2019/12/15 v1.7 Avoid name clashes with e-TeX commands (HO)
)
\Hy@SavedSpaceFactor=\count266
 (C:\Users\ruben\AppData\Local\Programs\MiKTeX\tex/latex/hyperref\puenc.def
File: puenc.def 2022-09-22 v7.00t Hyperref: PDF Unicode definition (HO)
Now handling font encoding PU ...
... no UTF-8 mapping file for font encoding PU
)
Package hyperref Info: Hyper figures OFF on input line 4162.
Package hyperref Info: Link nesting OFF on input line 4167.
Package hyperref Info: Hyper index ON on input line 4170.
Package hyperref Info: Plain pages OFF on input line 4177.
Package hyperref Info: Backreferencing OFF on input line 4182.
Package hyperref Info: Implicit mode ON; LaTeX internals redefined.
Package hyperref Info: Bookmarks ON on input line 4410.
\c@Hy@tempcnt=\count267
LaTeX Info: Redefining \url on input line 4748.
\XeTeXLinkMargin=\dimen148

(C:\Users\ruben\AppData\Local\Programs\MiKTeX\tex/generic/bitset\bitset.sty
Package: bitset 2019/12/09 v1.3 Handle bit-vector datatype (HO)

(C:\Users\ruben\AppData\Local\Programs\MiKTeX\tex/generic/bigintcalc\bigintcalc
.sty
Package: bigintcalc 2019/12/15 v1.5 Expandable calculations on big integers (HO
)
))
\Fld@menulength=\count268
\Field@Width=\dimen149
\Fld@charsize=\dimen150
Package hyperref Info: Hyper figures OFF on input line 6027.
Package hyperref Info: Link nesting OFF on input line 6032.
Package hyperref Info: Hyper index ON on input line 6035.
Package hyperref Info: backreferencing OFF on input line 6042.
Package hyperref Info: Link coloring OFF on input line 6047.
Package hyperref Info: Link coloring with OCG OFF on input line 6052.
Package hyperref Info: PDF/A mode OFF on input line 6057.

(C:\Users\ruben\AppData\Local\Programs\MiKTeX\tex/latex/base\atbegshi-ltx.sty
Package: atbegshi-ltx 2021/01/10 v1.0c Emulation of the original atbegshi
package with kernel methods
)
\Hy@abspage=\count269
\c@Item=\count270
\c@Hfootnote=\count271
)
Package hyperref Info: Driver: hpdftex.
(C:\Users\ruben\AppData\Local\Programs\MiKTeX\tex/latex/hyperref\hpdftex.def
File: hpdftex.def 2022-09-22 v7.00t Hyperref driver for pdfTeX

(C:\Users\ruben\AppData\Local\Programs\MiKTeX\tex/latex/base\atveryend-ltx.sty
Package: atveryend-ltx 2020/08/19 v1.0a Emulation of the original atveryend pac
kage
with kernel methods
)
\Fld@listcount=\count272
\c@bookmark@seq@number=\count273

(C:\Users\ruben\AppData\Local\Programs\MiKTeX\tex/latex/rerunfilecheck\rerunfil
echeck.sty
Package: rerunfilecheck 2022-07-10 v1.10 Rerun checks for auxiliary files (HO)

(C:\Users\ruben\AppData\Local\Programs\MiKTeX\tex/generic/uniquecounter\uniquec
ounter.sty
Package: uniquecounter 2019/12/15 v1.4 Provide unlimited unique counter (HO)
)
Package uniquecounter Info: New unique counter `rerunfilecheck' on input line 2
85.
)
\Hy@SectionHShift=\skip53
)
(C:\Users\ruben\AppData\Local\Programs\MiKTeX\tex/latex/listings\listings.sty
\lst@mode=\count274
\lst@gtempboxa=\box53
\lst@token=\toks21
\lst@length=\count275
\lst@currlwidth=\dimen151
\lst@column=\count276
\lst@pos=\count277
\lst@lostspace=\dimen152
\lst@width=\dimen153
\lst@newlines=\count278
\lst@lineno=\count279
\lst@maxwidth=\dimen154

(C:\Users\ruben\AppData\Local\Programs\MiKTeX\tex/latex/listings\lstmisc.sty
File: lstmisc.sty 2020/03/24 1.8d (Carsten Heinz)
\c@lstnumber=\count280
\lst@skipnumbers=\count281
\lst@framebox=\box54
)
(C:\Users\ruben\AppData\Local\Programs\MiKTeX\tex/latex/listings\listings.cfg
File: listings.cfg 2020/03/24 1.8d listings configuration
))
Package: listings 2020/03/24 1.8d (Carsten Heinz)
(C:\Users\ruben\AppData\Local\Programs\MiKTeX\tex/latex/tools\xspace.sty
Package: xspace 2014/10/28 v1.13 Space after command names (DPC,MH)
)
(C:\Users\ruben\AppData\Local\Programs\MiKTeX\tex/latex/l3backend\l3backend-pdf
tex.def
File: l3backend-pdftex.def 2022-09-28 L3 backend support: PDF output (pdfTeX)
\l__color_backend_stack_int=\count282
\l__pdf_internal_box=\box55
) (relprojLayout.aux

LaTeX Warning: Label `fig' multiply defined.


LaTeX Warning: Label `fig' multiply defined.


LaTeX Warning: Label `fig' multiply defined.


LaTeX Warning: Label `fig' multiply defined.


LaTeX Warning: Label `fig' multiply defined.


LaTeX Warning: Label `fig' multiply defined.


LaTeX Warning: Label `fig' multiply defined.


LaTeX Warning: Label `fig' multiply defined.


LaTeX Warning: Label `fig' multiply defined.


LaTeX Warning: Label `fig' multiply defined.


LaTeX Warning: Label `fig' multiply defined.


LaTeX Warning: Label `fig' multiply defined.


LaTeX Warning: Label `fig' multiply defined.


LaTeX Warning: Label `fig' multiply defined.


LaTeX Warning: Label `fig' multiply defined.


LaTeX Warning: Label `fig' multiply defined.


LaTeX Warning: Label `fig' multiply defined.


LaTeX Warning: Label `fig' multiply defined.


LaTeX Warning: Label `fig' multiply defined.


LaTeX Warning: Label `fig' multiply defined.


LaTeX Warning: Label `fig' multiply defined.


LaTeX Warning: Label `fig' multiply defined.


LaTeX Warning: Label `fig' multiply defined.


LaTeX Warning: Label `fig' multiply defined.


LaTeX Warning: Label `fig' multiply defined.


LaTeX Warning: Label `fig' multiply defined.


LaTeX Warning: Label `sec:main1' multiply defined.

)
\openout1 = `relprojLayout.aux'.

LaTeX Font Info:    Checking defaults for OML/cmm/m/it on input line 105.
LaTeX Font Info:    ... okay on input line 105.
LaTeX Font Info:    Checking defaults for OMS/cmsy/m/n on input line 105.
LaTeX Font Info:    ... okay on input line 105.
LaTeX Font Info:    Checking defaults for OT1/cmr/m/n on input line 105.
LaTeX Font Info:    ... okay on input line 105.
LaTeX Font Info:    Checking defaults for T1/cmr/m/n on input line 105.
LaTeX Font Info:    ... okay on input line 105.
LaTeX Font Info:    Checking defaults for TS1/cmr/m/n on input line 105.
LaTeX Font Info:    ... okay on input line 105.
LaTeX Font Info:    Checking defaults for OMX/cmex/m/n on input line 105.
LaTeX Font Info:    ... okay on input line 105.
LaTeX Font Info:    Checking defaults for U/cmr/m/n on input line 105.
LaTeX Font Info:    ... okay on input line 105.
LaTeX Font Info:    Checking defaults for PD1/pdf/m/n on input line 105.
LaTeX Font Info:    ... okay on input line 105.
LaTeX Font Info:    Checking defaults for PU/pdf/m/n on input line 105.
LaTeX Font Info:    ... okay on input line 105.

(C:\Users\ruben\AppData\Local\Programs\MiKTeX\tex/context/base/mkii\supp-pdf.mk
ii
[Loading MPS to PDF converter (version 2006.09.02).]
\scratchcounter=\count283
\scratchdimen=\dimen155
\scratchbox=\box56
\nofMPsegments=\count284
\nofMParguments=\count285
\everyMPshowfont=\toks22
\MPscratchCnt=\count286
\MPscratchDim=\dimen156
\MPnumerator=\count287
\makeMPintoPDFobject=\count288
\everyMPtoPDFconversion=\toks23
)
(C:\Users\ruben\AppData\Local\Programs\MiKTeX\tex/latex/epstopdf-pkg\epstopdf-b
ase.sty
Package: epstopdf-base 2020-01-24 v2.11 Base part for package epstopdf
Package epstopdf-base Info: Redefining graphics rule for `.eps' on input line 4
85.

(C:\Users\ruben\AppData\Local\Programs\MiKTeX\tex/latex/00miktex\epstopdf-sys.c
fg
File: epstopdf-sys.cfg 2021/03/18 v2.0 Configuration of epstopdf for MiKTeX
))
Package hyperref Info: Link coloring OFF on input line 105.
 (relprojLayout.out) (relprojLayout.out)
\@outlinefile=\write3
\openout3 = `relprojLayout.out'.

\c@lstlisting=\count289
LaTeX Font Info:    External font `cmex10' loaded for size
(Font)              <12> on input line 107.
LaTeX Font Info:    External font `cmex10' loaded for size
(Font)              <8> on input line 107.
LaTeX Font Info:    External font `cmex10' loaded for size
(Font)              <6> on input line 107.
 [1

{C:/Users/ruben/AppData/Local/MiKTeX/fonts/map/pdftex/pdftex.map}]
Underfull \hbox (badness 10000) in paragraph at lines 109--111

 []


pdfTeX warning (ext4): destination with the same identifier (name{page.1}) has 
been already used, duplicate ignored
<to be read again> 
                   \relax 
l.111 \end{abstract}
                     [1] (relprojLayout.toc
LaTeX Font Info:    External font `cmex10' loaded for size
(Font)              <10.95> on input line 3.
)
\tf@toc=\write4
\openout4 = `relprojLayout.toc'.


pdfTeX warning (ext4): destination with the same identifier (name{page.1}) has 
been already used, duplicate ignored
<to be read again> 
                   \relax 
l.117 \chapter
              {GIC/GT + Compilador} \label{chap:compiler} %referência cruzada
[1

]
Cap\'{\i }tulo 1.
[2

]
<literais.png, id=97, 320.99925pt x 31.91925pt>
File: literais.png Graphic file (type png)
<use literais.png>
Package pdftex.def Info: literais.png  used on input line 158.
(pdftex.def)             Requested size: 320.99846pt x 31.91916pt.
<tokens.png, id=99, 221.02576pt x 81.30376pt>
File: tokens.png Graphic file (type png)
<use tokens.png>
Package pdftex.def Info: tokens.png  used on input line 164.
(pdftex.def)             Requested size: 221.0252pt x 81.30354pt.
<funcoes_tokens.png, id=100, 154.176pt x 96.36pt>
File: funcoes_tokens.png Graphic file (type png)
<use funcoes_tokens.png>
Package pdftex.def Info: funcoes_tokens.png  used on input line 170.
(pdftex.def)             Requested size: 385.439pt x 240.89935pt.
 [3 <./literais.png> <./tokens.png>] [4 <./funcoes_tokens.png>]
<ignore.png, id=118, 231.86626pt x 87.9285pt>
File: ignore.png Graphic file (type png)
<use ignore.png>
Package pdftex.def Info: ignore.png  used on input line 201.
(pdftex.def)             Requested size: 231.86568pt x 87.92827pt.
 [5 <./ignore.png>]
<principal.png, id=126, 312.56775pt x 118.64325pt>
File: principal.png Graphic file (type png)
<use principal.png>
Package pdftex.def Info: principal.png  used on input line 228.
(pdftex.def)             Requested size: 312.56697pt x 118.64294pt.
 [6 <./principal.png>]
<declaracoes1.png, id=133, 306.54526pt x 116.8365pt>
File: declaracoes1.png Graphic file (type png)
<use declaracoes1.png>
Package pdftex.def Info: declaracoes1.png  used on input line 241.
(pdftex.def)             Requested size: 306.5445pt x 116.83621pt.

Underfull \hbox (badness 10000) in paragraph at lines 245--246

 []

<declaracoes2.png, id=134, 322.20375pt x 290.88675pt>
File: declaracoes2.png Graphic file (type png)
<use declaracoes2.png>
Package pdftex.def Info: declaracoes2.png  used on input line 248.
(pdftex.def)             Requested size: 322.20296pt x 290.88603pt.
[7 <./declaracoes1.png> <./declaracoes2.png>]
<commands1.png, id=143, 257.16075pt x 113.223pt>
File: commands1.png Graphic file (type png)
<use commands1.png>
Package pdftex.def Info: commands1.png  used on input line 259.
(pdftex.def)             Requested size: 257.16011pt x 113.22272pt.
 [8 <./commands1.png>]
<commandsPrint.png, id=150, 419.166pt x 364.36125pt>
File: commandsPrint.png Graphic file (type png)
<use commandsPrint.png>
Package pdftex.def Info: commandsPrint.png  used on input line 278.
(pdftex.def)             Requested size: 377.24591pt x 327.92209pt.
<commandsRead.png, id=151, 190.311pt x 104.18925pt>
File: commandsRead.png Graphic file (type png)
<use commandsRead.png>
Package pdftex.def Info: commandsRead.png  used on input line 288.
(pdftex.def)             Requested size: 190.31052pt x 104.18898pt.
 [9 <./commandsPrint.png> <./commandsRead.png>]
<commandsIf.png, id=160, 493.24275pt x 256.5585pt>
File: commandsIf.png Graphic file (type png)
<use commandsIf.png>
Package pdftex.def Info: commandsIf.png  used on input line 297.
(pdftex.def)             Requested size: 369.93115pt x 192.4184pt.
<commandsAtribuicao.png, id=161, 498.06075pt x 113.82526pt>
File: commandsAtribuicao.png Graphic file (type png)
<use commandsAtribuicao.png>
Package pdftex.def Info: commandsAtribuicao.png  used on input line 305.
(pdftex.def)             Requested size: 373.54463pt x 85.36871pt.
<commandsWhile.png, id=162, 454.0965pt x 137.313pt>
File: commandsWhile.png Graphic file (type png)
<use commandsWhile.png>
Package pdftex.def Info: commandsWhile.png  used on input line 313.
(pdftex.def)             Requested size: 340.57153pt x 102.98448pt.
 [10 <./commandsIf.png> <./commandsAtribuicao.png> <./commandsWhile.png>]
<conditions.png, id=173, 260.172pt x 96.36pt>
File: conditions.png Graphic file (type png)
<use conditions.png>
Package pdftex.def Info: conditions.png  used on input line 324.
(pdftex.def)             Requested size: 468.3092pt x 173.44781pt.
<expressoes.png, id=174, 168.63pt x 139.11975pt>
File: expressoes.png Graphic file (type png)
<use expressoes.png>
Package pdftex.def Info: expressoes.png  used on input line 344.
(pdftex.def)             Requested size: 168.62958pt x 139.1194pt.
 [11 <./conditions.png> <./expressoes.png>]
<termos.png, id=185, 169.23225pt x 189.1065pt>
File: termos.png Graphic file (type png)
<use termos.png>
Package pdftex.def Info: termos.png  used on input line 354.
(pdftex.def)             Requested size: 169.23184pt x 189.10603pt.

Underfull \hbox (badness 10000) in paragraph at lines 359--360

 []

<factor.png, id=186, 152.9715pt x 91.542pt>
File: factor.png Graphic file (type png)
<use factor.png>
Package pdftex.def Info: factor.png  used on input line 363.
(pdftex.def)             Requested size: 152.9711pt x 91.54178pt.
[12 <./termos.png> <./factor.png>]
<idError.png, id=195, 376.40625pt x 200.54926pt>
File: idError.png Graphic file (type png)
<use idError.png>
Package pdftex.def Info: idError.png  used on input line 374.
(pdftex.def)             Requested size: 376.40532pt x 200.54875pt.

Underfull \hbox (badness 10000) in paragraph at lines 379--380

 []

<simpleArrays1.png, id=196, 184.2885pt x 190.311pt>
File: simpleArrays1.png Graphic file (type png)
<use simpleArrays1.png>
Package pdftex.def Info: simpleArrays1.png  used on input line 384.
(pdftex.def)             Requested size: 184.28804pt x 190.31052pt.
[13 <./idError.png> <./simpleArrays1.png>]
<simpleArrays2.png, id=205, 293.898pt x 354.123pt>
File: simpleArrays2.png Graphic file (type png)
<use simpleArrays2.png>
Package pdftex.def Info: simpleArrays2.png  used on input line 393.
(pdftex.def)             Requested size: 235.1187pt x 283.29877pt.

Underfull \hbox (badness 10000) in paragraph at lines 398--399

 []

<simpleArrays3.png, id=206, 268.00125pt x 95.75775pt>
File: simpleArrays3.png Graphic file (type png)
<use simpleArrays3.png>
Package pdftex.def Info: simpleArrays3.png  used on input line 401.
(pdftex.def)             Requested size: 268.00058pt x 95.7575pt.

Underfull \hbox (badness 10000) in paragraph at lines 406--407

 []

[14 <./simpleArrays2.png> <./simpleArrays3.png>]
<simpleArrays4.png, id=215, 417.9615pt x 202.356pt>
File: simpleArrays4.png Graphic file (type png)
<use simpleArrays4.png>
Package pdftex.def Info: simpleArrays4.png  used on input line 410.
(pdftex.def)             Requested size: 417.96048pt x 202.3555pt.
<doubleArrays1.png, id=216, 208.3785pt x 166.221pt>
File: doubleArrays1.png Graphic file (type png)
<use doubleArrays1.png>
Package pdftex.def Info: doubleArrays1.png  used on input line 420.
(pdftex.def)             Requested size: 208.37798pt x 166.22057pt.
 [15 <./simpleArrays4.png> <./doubleArrays1.png>]
<doubleArrays2.png, id=225, 463.13025pt x 355.3275pt>
File: doubleArrays2.png Graphic file (type png)
<use doubleArrays2.png>
Package pdftex.def Info: doubleArrays2.png  used on input line 430.
(pdftex.def)             Requested size: 370.5047pt x 284.26237pt.

Underfull \hbox (badness 10000) in paragraph at lines 435--436

 []

<doubleArrays3.png, id=226, 268.6035pt x 91.542pt>
File: doubleArrays3.png Graphic file (type png)
<use doubleArrays3.png>
Package pdftex.def Info: doubleArrays3.png  used on input line 439.
(pdftex.def)             Requested size: 268.60284pt x 91.54178pt.

Underfull \hbox (badness 10000) in paragraph at lines 444--445

 []

[16 <./doubleArrays2.png> <./doubleArrays3.png>]
<doubleArrays4.png, id=235, 510.10574pt x 242.70676pt>
File: doubleArrays4.png Graphic file (type png)
<use doubleArrays4.png>
Package pdftex.def Info: doubleArrays4.png  used on input line 448.
(pdftex.def)             Requested size: 408.08514pt x 194.16565pt.

Underfull \hbox (badness 10000) in paragraph at lines 453--454

 []

<parser.png, id=236, 162.00525pt x 252.34274pt>
File: parser.png Graphic file (type png)
<use parser.png>
Package pdftex.def Info: parser.png  used on input line 457.
(pdftex.def)             Requested size: 129.60435pt x 201.87445pt.
[17 <./doubleArrays4.png> <./parser.png>] [18] [19] [20] [21] [22] [23]
[24] [25] [26] [27] [28] [29]
Overfull \hbox (33.97574pt too wide) in paragraph at lines 1363--1363
[]        \OT1/cmtt/m/n/10.95 parser.label) + "\nIF" + str(parser.label) + ":\n
"+p[8]+"IFEND"+str(parser.label)+":\n"[] 
 []


Overfull \hbox (39.72443pt too wide) in paragraph at lines 1363--1363
[]\OT1/cmtt/m/n/10.95 # igualdade de um Id para uma express~ao || resultado = n
um1 + num2 || resultado = num1 - 2 etc..[] 
 []

[30] [31] [32] [33] [34] [35] [36]
Overfull \hbox (51.2218pt too wide) in paragraph at lines 1363--1363
[]                \OT1/cmtt/m/n/10.95 "\nPADD\n", p[3] + "PUSHI " + str(parser.
size[p[1]]) + "\nMUL\n" + p[6] + "ADD\n")[] 
 []

[37] (relprojLayout.aux)

LaTeX Warning: There were multiply-defined labels.

Package rerunfilecheck Info: File `relprojLayout.out' has not changed.
(rerunfilecheck)             Checksum: B7C3C5D9B337B7093A158DC545C21243;1867.
 ) 
Here is how much of TeX's memory you used:
 11128 strings out of 475385
 180129 string characters out of 2776907
 532635 words of memory out of 3000000
 32269 multiletter control sequences out of 15000+600000
 477138 words of font info for 54 fonts, out of 8000000 for 9000
 1141 hyphenation exceptions out of 8191
 72i,8n,77p,285b,594s stack positions out of 10000i,1000n,20000p,200000b,80000s
 <C:\Users\ruben\AppData\Local\MiKTeX\fonts/pk/ljfour/jknappen/ec/dpi600\tcrm
1095.pk> <C:\Users\ruben\AppData\Local\MiKTeX\fonts/pk/ljfour/jknappen/ec/dpi60
0\tcbx1728.pk> <C:\Users\ruben\AppData\Local\MiKTeX\fonts/pk/ljfour/jknappen/ec
/dpi600\tcrm1728.pk><C:/Users/ruben/AppData/Local/Programs/MiKTeX/fonts/type1/p
ublic/amsfonts/cm/cmbx10.pfb><C:/Users/ruben/AppData/Local/Programs/MiKTeX/font
s/type1/public/amsfonts/cm/cmbx12.pfb><C:/Users/ruben/AppData/Local/Programs/Mi
KTeX/fonts/type1/public/amsfonts/cm/cmr10.pfb><C:/Users/ruben/AppData/Local/Pro
grams/MiKTeX/fonts/type1/public/amsfonts/cm/cmr12.pfb><C:/Users/ruben/AppData/L
ocal/Programs/MiKTeX/fonts/type1/public/amsfonts/cm/cmr17.pfb><C:/Users/ruben/A
ppData/Local/Programs/MiKTeX/fonts/type1/public/amsfonts/cm/cmsy6.pfb><C:/Users
/ruben/AppData/Local/Programs/MiKTeX/fonts/type1/public/amsfonts/cm/cmtt10.pfb>

Output written on relprojLayout.pdf (39 pages, 539821 bytes).
PDF statistics:
 394 PDF objects out of 1000 (max. 8388607)
 83 named destinations out of 1000 (max. 500000)
 248 words of extra memory for PDF output out of 10000 (max. 10000000)

